<?xml version="1.0" encoding="UTF-8"?>
<testng-results skipped="0" failed="0" ignored="0" total="3" passed="3">
  <reporter-output>
  </reporter-output>
  <suite name="Default suite" duration-ms="172" started-at="2017-12-12T23:09:11Z" finished-at="2017-12-12T23:09:12Z">
    <groups>
    </groups>
    <test name="Default test" duration-ms="172" started-at="2017-12-12T23:09:11Z" finished-at="2017-12-12T23:09:12Z">
      <class name="prim.testNG.PrimTest">
        <test-method status="PASS" signature="runBeforeEveryTest()[pri:0, instance:prim.testNG.PrimTest@67a3bd51]" name="runBeforeEveryTest" is-config="true" duration-ms="35" started-at="2017-12-12T18:09:11Z" finished-at="2017-12-12T18:09:11Z">
          <reporter-output>
          </reporter-output>
        </test-method> <!-- runBeforeEveryTest -->
        <test-method status="PASS" signature="testFindWholeCaravaneWithPrim()[pri:0, instance:prim.testNG.PrimTest@67a3bd51]" name="testFindWholeCaravaneWithPrim" duration-ms="30" started-at="2017-12-12T18:09:11Z" finished-at="2017-12-12T18:09:11Z">
          <reporter-output>
          </reporter-output>
        </test-method> <!-- testFindWholeCaravaneWithPrim -->
        <test-method status="PASS" signature="testPrim()[pri:0, instance:prim.testNG.PrimTest@67a3bd51]" name="testPrim" duration-ms="12" started-at="2017-12-12T18:09:11Z" finished-at="2017-12-12T18:09:12Z">
          <reporter-output>
          </reporter-output>
        </test-method> <!-- testPrim -->
        <test-method status="PASS" signature="testPrintWholeCaravaneWithPrim()[pri:0, instance:prim.testNG.PrimTest@67a3bd51]" name="testPrintWholeCaravaneWithPrim" duration-ms="9" started-at="2017-12-12T18:09:12Z" finished-at="2017-12-12T18:09:12Z">
          <reporter-output>
          </reporter-output>
        </test-method> <!-- testPrintWholeCaravaneWithPrim -->
      </class> <!-- prim.testNG.PrimTest -->
    </test> <!-- Default test -->
  </suite> <!-- Default suite -->
</testng-results>
