<?xml version="1.0" encoding="UTF-8"?>
<!-- Generated by org.testng.reporters.JUnitXMLReporter -->
<testsuite hostname="DESKTOP-C6UK91Q" ignored="0" name="Default test" tests="3" failures="0" timestamp="12 Dec 2017 23:09:12 GMT" time="0.172" errors="0">
  <testcase name="testFindWholeCaravaneWithPrim" time="0.03" classname="prim.testNG.PrimTest"/>
  <testcase name="testPrim" time="0.012" classname="prim.testNG.PrimTest"/>
  <testcase name="testPrintWholeCaravaneWithPrim" time="0.009" classname="prim.testNG.PrimTest"/>
</testsuite> <!-- Default test -->
