<?xml version="1.0" encoding="UTF-8"?>
<!-- Generated by org.testng.reporters.JUnitXMLReporter -->
<testsuite hostname="DESKTOP-C6UK91Q" ignored="0" name="Test" tests="20" failures="0" timestamp="12 Dec 2017 23:02:50 GMT" time="0.105" errors="0">
  <testcase name="testBuildNetwork" time="0.008" classname="prim.testNG.NodeNetFactoryTest"/>
  <testcase name="testAddNode" time="0.005" classname="prim.testNG.NodeNetworkTest"/>
  <testcase name="testGetNodes" time="0.002" classname="prim.testNG.NodeNetworkTest"/>
  <testcase name="testNodeNetwork" time="0.003" classname="prim.testNG.NodeNetworkTest"/>
  <testcase name="testNodeNetworkListOfNode" time="0.001" classname="prim.testNG.NodeNetworkTest"/>
  <testcase name="testNodeNetworkNodeArray" time="0.002" classname="prim.testNG.NodeNetworkTest"/>
  <testcase name="testToString" time="0.001" classname="prim.testNG.NodeNetworkTest"/>
  <testcase name="testEqualsObject" time="0.001" classname="prim.testNG.PathTest"/>
  <testcase name="testGetWeight" time="0.003" classname="prim.testNG.PathTest"/>
  <testcase name="testPathIntNode" time="0.001" classname="prim.testNG.PathTest"/>
  <testcase name="testSetSrcNode" time="0.002" classname="prim.testNG.PathTest"/>
  <testcase name="testFindWholeCaravaneWithPrim" time="0.001" classname="prim.testNG.PrimTest"/>
  <testcase name="testPrim" time="0.001" classname="prim.testNG.PrimTest"/>
  <testcase name="testPrintWholeCaravaneWithPrim" time="0.001" classname="prim.testNG.PrimTest"/>
  <testcase name="testAddPathWithoutSource" time="0.001" classname="prim.testNG.NodeTest"/>
  <testcase name="testEqualsObject" time="0.001" classname="prim.testNG.NodeTest"/>
  <testcase name="testGetName" time="0.001" classname="prim.testNG.NodeTest"/>
  <testcase name="testGetPaths" time="0.001" classname="prim.testNG.NodeTest"/>
  <testcase name="testNodeString" time="0.002" classname="prim.testNG.NodeTest"/>
  <testcase name="testNodeStringPathArray" time="0.001" classname="prim.testNG.NodeTest"/>
</testsuite> <!-- Test -->
